app/build/intermediates/manifest_merge_blame_file/debug/processDebugMainManifest/manifest-merger-blame-debug-report.txt
1<?xml version="1.0" encoding="utf-8"?>
2<manifest xmlns:android="http://schemas.android.com/apk/res/android"
3    package="de.kai_morich.simple_usb_terminal"
4    android:versionCode="3"
5    android:versionName="1.0.2" >
6
7    <uses-sdk
8        android:minSdkVersion="24"
9        android:targetSdkVersion="32" />
10
11    <uses-permission android:name="android.permission.ACCESS_COARSE_LOCATION" />
11-->src\main\AndroidManifest.xml:5:5-81
11-->src\main\AndroidManifest.xml:5:22-78
12    <uses-permission android:name="android.permission.ACCESS_FINE_LOCATION" />
12-->src\main\AndroidManifest.xml:6:5-79
12-->src\main\AndroidManifest.xml:6:22-76
13    <uses-permission android:name="android.permission.RECEIVE_BOOT_COMPLETED" />
13-->src\main\AndroidManifest.xml:7:5-81
13-->src\main\AndroidManifest.xml:7:22-78
14    <uses-permission android:name="android.permission.ACCESS_FINE_LOCATION" />
14-->src\main\AndroidManifest.xml:6:5-79
14-->src\main\AndroidManifest.xml:6:22-76
15    <uses-permission android:name="android.permission.FOREGROUND_SERVICE" />
15-->src\main\AndroidManifest.xml:9:5-77
15-->src\main\AndroidManifest.xml:9:22-74
16    <uses-permission android:name="android.permission.WAKE_LOCK" />
16-->src\main\AndroidManifest.xml:10:5-68
16-->src\main\AndroidManifest.xml:10:22-65
17    <uses-permission android:name="android.permission.SCHEDULE_EXACT_ALARM" />
17-->src\main\AndroidManifest.xml:11:5-79
17-->src\main\AndroidManifest.xml:11:22-76
18    <uses-permission android:name="android.permission.REQUEST_IGNORE_BATTERY_OPTIMIZATIONS" />
18-->src\main\AndroidManifest.xml:12:5-95
18-->src\main\AndroidManifest.xml:12:22-92
19    <uses-permission android:name="android.permission.SYSTEM_ALERT_WINDOW" />
19-->src\main\AndroidManifest.xml:13:5-78
19-->src\main\AndroidManifest.xml:13:22-75
20    <uses-permission android:name="android.permission.DEVICE_POWER" />
20-->src\main\AndroidManifest.xml:14:5-71
20-->src\main\AndroidManifest.xml:14:22-68
21    <uses-permission android:name="android.permission.ACCESS_NETWORK_STATE" />
21-->src\main\AndroidManifest.xml:15:5-79
21-->src\main\AndroidManifest.xml:15:22-76
22    <uses-permission android:name="android.permission.INTERNET" />
22-->src\main\AndroidManifest.xml:16:5-67
22-->src\main\AndroidManifest.xml:16:22-64
23
24    <!-- mipmap/ic_launcher created with Android Studio -> New -> Image Asset using @color/colorPrimaryDark as background color -->
25    <application
25-->src\main\AndroidManifest.xml:19:5-106:19
26        android:appComponentFactory="androidx.core.app.CoreComponentFactory"
26-->[androidx.core:core:1.8.0] AndroidManifest.xml:24:18-86
27        android:debuggable="true"
28        android:extractNativeLibs="false"
29        android:icon="@mipmap/ic_launcher"
29-->src\main\AndroidManifest.xml:20:9-43
30        android:label="@string/app_name"
30-->src\main\AndroidManifest.xml:21:9-41
31        android:testOnly="true"
32        android:theme="@style/AppTheme" >
32-->src\main\AndroidManifest.xml:22:9-40
33
34        <!--
35                 for this simple app launchMode=singleTask and singleTop have same effect.
36                 If you would start another activity in the app, e.g. Android Settings
37                 then you should use singleTask, else a new MainActivity would be started
38                 when the settings activity is currently shown
39        -->
40        <activity
40-->src\main\AndroidManifest.xml:28:9-50:20
41            android:name="de.kai_morich.simple_usb_terminal.MainActivity"
41-->src\main\AndroidManifest.xml:29:13-41
42            android:directBootAware="true"
42-->src\main\AndroidManifest.xml:33:13-43
43            android:exported="true"
43-->src\main\AndroidManifest.xml:32:13-36
44            android:launchMode="singleTask"
44-->src\main\AndroidManifest.xml:30:13-44
45            android:windowSoftInputMode="stateHidden|adjustResize" >
45-->src\main\AndroidManifest.xml:31:13-67
46            <intent-filter>
46-->src\main\AndroidManifest.xml:34:13-37:29
47                <action android:name="android.intent.action.MAIN" />
47-->src\main\AndroidManifest.xml:35:17-69
47-->src\main\AndroidManifest.xml:35:25-66
48
49                <category android:name="android.intent.category.LAUNCHER" />
49-->src\main\AndroidManifest.xml:36:17-77
49-->src\main\AndroidManifest.xml:36:27-74
50            </intent-filter>
51            <intent-filter>
51-->src\main\AndroidManifest.xml:38:13-40:29
52                <action android:name="android.hardware.usb.action.USB_DEVICE_ATTACHED" />
52-->src\main\AndroidManifest.xml:39:17-90
52-->src\main\AndroidManifest.xml:39:25-87
53            </intent-filter>
54            <!-- <intent-filter> -->
55            <!-- <action android:name="android.intent.action.BOOT_COMPLETED" /> -->
56            <!-- <action android:name="android.intent.action.QUICKBOOT_POWERON" /> -->
57            <!-- <action android:name="android.intent.action.MY_PACKAGE_REPLACED" /> -->
58            <!-- <category android:name="android.intent.category.DEFAULT" /> -->
59            <!-- </intent-filter> -->
60            <meta-data
60-->src\main\AndroidManifest.xml:47:13-49:61
61                android:name="android.hardware.usb.action.USB_DEVICE_ATTACHED"
61-->src\main\AndroidManifest.xml:48:17-79
62                android:resource="@xml/usb_device_filter" />
62-->src\main\AndroidManifest.xml:49:17-58
63        </activity>
64
65        <service android:name="de.kai_morich.simple_usb_terminal.SerialService" />
65-->src\main\AndroidManifest.xml:51:9-50
65-->src\main\AndroidManifest.xml:51:18-47
66        <service android:name="de.kai_morich.simple_usb_terminal.SensorHelper" />
66-->src\main\AndroidManifest.xml:52:9-49
66-->src\main\AndroidManifest.xml:52:18-46
67        <service android:name="de.kai_morich.simple_usb_terminal.FirebaseService" />
67-->src\main\AndroidManifest.xml:53:9-52
67-->src\main\AndroidManifest.xml:53:18-49
68        <service android:name="de.kai_morich.simple_usb_terminal.RebootMonitoringService" />
68-->src\main\AndroidManifest.xml:54:9-60
68-->src\main\AndroidManifest.xml:54:18-57
69        <service android:name="de.kai_morich.simple_usb_terminal.ScreenSleepService" />
69-->src\main\AndroidManifest.xml:55:9-55
69-->src\main\AndroidManifest.xml:55:18-52
70        <service
70-->src\main\AndroidManifest.xml:56:9-66:19
71            android:name="de.austin_bee.reboot.A11yRebooterService"
71-->src\main\AndroidManifest.xml:57:13-68
72            android:exported="true"
72-->src\main\AndroidManifest.xml:59:13-36
73            android:permission="android.permission.BIND_ACCESSIBILITY_SERVICE" >
73-->src\main\AndroidManifest.xml:58:13-79
74            <intent-filter>
74-->src\main\AndroidManifest.xml:60:11-62:27
75                <action android:name="android.accessibilityservice.AccessibilityService" />
75-->src\main\AndroidManifest.xml:61:13-87
75-->src\main\AndroidManifest.xml:61:21-85
76            </intent-filter>
77
78            <meta-data
78-->src\main\AndroidManifest.xml:63:11-65:61
79                android:name="android.accessibilityservice"
79-->src\main\AndroidManifest.xml:64:15-58
80                android:resource="@xml/a11y_rebooter_config" />
80-->src\main\AndroidManifest.xml:65:15-59
81        </service>
82
83        <receiver android:name="de.kai_morich.simple_usb_terminal.FirebaseService$ActionListener" />
83-->src\main\AndroidManifest.xml:67:9-68
83-->src\main\AndroidManifest.xml:67:19-65
84        <receiver android:name="de.kai_morich.simple_usb_terminal.SerialService$ActionListener" />
84-->src\main\AndroidManifest.xml:68:9-66
84-->src\main\AndroidManifest.xml:68:19-63
85        <receiver
85-->src\main\AndroidManifest.xml:69:9-71:40
86            android:name="de.austin_bee.reboot.RebootAlarmReceiver"
86-->src\main\AndroidManifest.xml:70:13-68
87            android:exported="false" />
87-->src\main\AndroidManifest.xml:71:13-37
88        <receiver
88-->src\main\AndroidManifest.xml:72:9-82:20
89            android:name="de.kai_morich.simple_usb_terminal.RestarterBroadcastReceiver"
89-->src\main\AndroidManifest.xml:72:19-61
90            android:enabled="true"
90-->src\main\AndroidManifest.xml:74:13-35
91            android:exported="true"
91-->src\main\AndroidManifest.xml:75:13-36
92            android:label="StartServiceAtBoot" >
92-->src\main\AndroidManifest.xml:73:13-47
93            <intent-filter>
93-->src\main\AndroidManifest.xml:76:13-81:29
94                <action android:name="android.intent.action.BOOT_COMPLETED" />
94-->src\main\AndroidManifest.xml:77:17-79
94-->src\main\AndroidManifest.xml:77:25-76
95                <action android:name="android.intent.action.QUICKBOOT_POWERON" />
95-->src\main\AndroidManifest.xml:78:17-82
95-->src\main\AndroidManifest.xml:78:25-79
96                <action android:name="android.intent.action.MY_PACKAGE_REPLACED" />
96-->src\main\AndroidManifest.xml:79:17-84
96-->src\main\AndroidManifest.xml:79:25-81
97
98                <category android:name="android.intent.category.DEFAULT" />
98-->src\main\AndroidManifest.xml:80:17-76
98-->src\main\AndroidManifest.xml:80:27-73
99            </intent-filter>
100        </receiver>
101        <receiver
101-->src\main\AndroidManifest.xml:83:9-88:20
102            android:name="de.kai_morich.simple_usb_terminal.LocationBroadcastReceiver"
102-->src\main\AndroidManifest.xml:83:19-60
103            android:exported="true" >
103-->src\main\AndroidManifest.xml:84:13-36
104            <intent-filter>
104-->src\main\AndroidManifest.xml:85:13-87:29
105                <action android:name="de.kai_morich.simple_usb_terminal.LocationBroadcastReceiver.ACTION_PROCESS_UPDATES" />
105-->src\main\AndroidManifest.xml:86:17-125
105-->src\main\AndroidManifest.xml:86:25-122
106            </intent-filter>
107        </receiver>
108        <receiver
108-->src\main\AndroidManifest.xml:89:9-94:15
109            android:name="de.kai_morich.simple_usb_terminal.MyDeviceAdminReceiver"
109-->src\main\AndroidManifest.xml:90:13-50
110            android:description="@string/app_name"
110-->src\main\AndroidManifest.xml:91:13-51
111            android:label="@string/app_name"
111-->src\main\AndroidManifest.xml:92:13-45
112            android:permission="android.permission.BIND_DEVICE_ADMIN" />
112-->src\main\AndroidManifest.xml:93:13-70
113        <!-- <receiver -->
114        <!-- android:name=".MyDeviceAdminReceiver" -->
115        <!-- android:description="@string/app_name" -->
116        <!-- android:label="@string/app_name" -->
117        <!-- android:permission="android.permission.BIND_DEVICE_ADMIN"> -->
118        <!-- </receiver> -->
119        <!-- <provider -->
120        <!-- android:name="androidx.work.impl.WorkManagerInitializer" -->
121        <!-- android:authorities="$de.kai_morich.simple_usb_terminal.workmanager-init" -->
122        <!-- tools:node="remove"/> -->
123
124        <service
124-->[com.google.firebase:firebase-storage:20.3.0] AndroidManifest.xml:27:9-36:19
125            android:name="com.google.firebase.components.ComponentDiscoveryService"
125-->[com.google.firebase:firebase-storage:20.3.0] AndroidManifest.xml:28:13-84
126            android:directBootAware="true"
126-->[com.google.firebase:firebase-common:20.4.2] AndroidManifest.xml:32:13-43
127            android:exported="false" >
127-->[com.google.firebase:firebase-storage:20.3.0] AndroidManifest.xml:29:13-37
128            <meta-data
128-->[com.google.firebase:firebase-storage:20.3.0] AndroidManifest.xml:30:13-32:85
129                android:name="com.google.firebase.components:com.google.firebase.storage.FirebaseStorageKtxRegistrar"
129-->[com.google.firebase:firebase-storage:20.3.0] AndroidManifest.xml:31:17-118
130                android:value="com.google.firebase.components.ComponentRegistrar" />
130-->[com.google.firebase:firebase-storage:20.3.0] AndroidManifest.xml:32:17-82
131            <meta-data
131-->[com.google.firebase:firebase-storage:20.3.0] AndroidManifest.xml:33:13-35:85
132                android:name="com.google.firebase.components:com.google.firebase.storage.StorageRegistrar"
132-->[com.google.firebase:firebase-storage:20.3.0] AndroidManifest.xml:34:17-107
133                android:value="com.google.firebase.components.ComponentRegistrar" />
133-->[com.google.firebase:firebase-storage:20.3.0] AndroidManifest.xml:35:17-82
134            <meta-data
134-->[com.google.firebase:firebase-auth:22.3.0] AndroidManifest.xml:69:13-71:85
135                android:name="com.google.firebase.components:com.google.firebase.auth.FirebaseAuthRegistrar"
135-->[com.google.firebase:firebase-auth:22.3.0] AndroidManifest.xml:70:17-109
136                android:value="com.google.firebase.components.ComponentRegistrar" />
136-->[com.google.firebase:firebase-auth:22.3.0] AndroidManifest.xml:71:17-82
137            <meta-data
137-->[com.google.firebase:firebase-appcheck:17.1.0] AndroidManifest.xml:25:13-27:85
138                android:name="com.google.firebase.components:com.google.firebase.appcheck.FirebaseAppCheckKtxRegistrar"
138-->[com.google.firebase:firebase-appcheck:17.1.0] AndroidManifest.xml:26:17-120
139                android:value="com.google.firebase.components.ComponentRegistrar" />
139-->[com.google.firebase:firebase-appcheck:17.1.0] AndroidManifest.xml:27:17-82
140            <meta-data
140-->[com.google.firebase:firebase-appcheck:17.1.0] AndroidManifest.xml:28:13-30:85
141                android:name="com.google.firebase.components:com.google.firebase.appcheck.FirebaseAppCheckRegistrar"
141-->[com.google.firebase:firebase-appcheck:17.1.0] AndroidManifest.xml:29:17-117
142                android:value="com.google.firebase.components.ComponentRegistrar" />
142-->[com.google.firebase:firebase-appcheck:17.1.0] AndroidManifest.xml:30:17-82
143            <meta-data
143-->[com.google.firebase:firebase-common-ktx:20.4.2] AndroidManifest.xml:12:13-14:85
144                android:name="com.google.firebase.components:com.google.firebase.ktx.FirebaseCommonLegacyRegistrar"
144-->[com.google.firebase:firebase-common-ktx:20.4.2] AndroidManifest.xml:13:17-116
145                android:value="com.google.firebase.components.ComponentRegistrar" />
145-->[com.google.firebase:firebase-common-ktx:20.4.2] AndroidManifest.xml:14:17-82
146            <meta-data
146-->[com.google.firebase:firebase-common:20.4.2] AndroidManifest.xml:35:13-37:85
147                android:name="com.google.firebase.components:com.google.firebase.FirebaseCommonKtxRegistrar"
147-->[com.google.firebase:firebase-common:20.4.2] AndroidManifest.xml:36:17-109
148                android:value="com.google.firebase.components.ComponentRegistrar" />
148-->[com.google.firebase:firebase-common:20.4.2] AndroidManifest.xml:37:17-82
149        </service>
150
151        <activity
151-->[com.google.firebase:firebase-auth:22.3.0] AndroidManifest.xml:29:9-46:20
152            android:name="com.google.firebase.auth.internal.GenericIdpActivity"
152-->[com.google.firebase:firebase-auth:22.3.0] AndroidManifest.xml:30:13-80
153            android:excludeFromRecents="true"
153-->[com.google.firebase:firebase-auth:22.3.0] AndroidManifest.xml:31:13-46
154            android:exported="true"
154-->[com.google.firebase:firebase-auth:22.3.0] AndroidManifest.xml:32:13-36
155            android:launchMode="singleTask"
155-->[com.google.firebase:firebase-auth:22.3.0] AndroidManifest.xml:33:13-44
156            android:theme="@android:style/Theme.Translucent.NoTitleBar" >
156-->[com.google.firebase:firebase-auth:22.3.0] AndroidManifest.xml:34:13-72
157            <intent-filter>
157-->[com.google.firebase:firebase-auth:22.3.0] AndroidManifest.xml:35:13-45:29
158                <action android:name="android.intent.action.VIEW" />
158-->[com.google.firebase:firebase-auth:22.3.0] AndroidManifest.xml:36:17-69
158-->[com.google.firebase:firebase-auth:22.3.0] AndroidManifest.xml:36:25-66
159
160                <category android:name="android.intent.category.DEFAULT" />
160-->src\main\AndroidManifest.xml:80:17-76
160-->src\main\AndroidManifest.xml:80:27-73
161                <category android:name="android.intent.category.BROWSABLE" />
161-->[com.google.firebase:firebase-auth:22.3.0] AndroidManifest.xml:39:17-78
161-->[com.google.firebase:firebase-auth:22.3.0] AndroidManifest.xml:39:27-75
162
163                <data
163-->[com.google.firebase:firebase-auth:22.3.0] AndroidManifest.xml:41:17-44:51
164                    android:host="firebase.auth"
164-->[com.google.firebase:firebase-auth:22.3.0] AndroidManifest.xml:42:21-49
165                    android:path="/"
165-->[com.google.firebase:firebase-auth:22.3.0] AndroidManifest.xml:43:21-37
166                    android:scheme="genericidp" />
166-->[com.google.firebase:firebase-auth:22.3.0] AndroidManifest.xml:44:21-48
167            </intent-filter>
168        </activity>
169        <activity
169-->[com.google.firebase:firebase-auth:22.3.0] AndroidManifest.xml:47:9-64:20
170            android:name="com.google.firebase.auth.internal.RecaptchaActivity"
170-->[com.google.firebase:firebase-auth:22.3.0] AndroidManifest.xml:48:13-79
171            android:excludeFromRecents="true"
171-->[com.google.firebase:firebase-auth:22.3.0] AndroidManifest.xml:49:13-46
172            android:exported="true"
172-->[com.google.firebase:firebase-auth:22.3.0] AndroidManifest.xml:50:13-36
173            android:launchMode="singleTask"
173-->[com.google.firebase:firebase-auth:22.3.0] AndroidManifest.xml:51:13-44
174            android:theme="@android:style/Theme.Translucent.NoTitleBar" >
174-->[com.google.firebase:firebase-auth:22.3.0] AndroidManifest.xml:52:13-72
175            <intent-filter>
175-->[com.google.firebase:firebase-auth:22.3.0] AndroidManifest.xml:53:13-63:29
176                <action android:name="android.intent.action.VIEW" />
176-->[com.google.firebase:firebase-auth:22.3.0] AndroidManifest.xml:36:17-69
176-->[com.google.firebase:firebase-auth:22.3.0] AndroidManifest.xml:36:25-66
177
178                <category android:name="android.intent.category.DEFAULT" />
178-->src\main\AndroidManifest.xml:80:17-76
178-->src\main\AndroidManifest.xml:80:27-73
179                <category android:name="android.intent.category.BROWSABLE" />
179-->[com.google.firebase:firebase-auth:22.3.0] AndroidManifest.xml:39:17-78
179-->[com.google.firebase:firebase-auth:22.3.0] AndroidManifest.xml:39:27-75
180
181                <data
181-->[com.google.firebase:firebase-auth:22.3.0] AndroidManifest.xml:41:17-44:51
182                    android:host="firebase.auth"
182-->[com.google.firebase:firebase-auth:22.3.0] AndroidManifest.xml:42:21-49
183                    android:path="/"
183-->[com.google.firebase:firebase-auth:22.3.0] AndroidManifest.xml:43:21-37
184                    android:scheme="recaptcha" />
184-->[com.google.firebase:firebase-auth:22.3.0] AndroidManifest.xml:44:21-48
185            </intent-filter>
186        </activity>
187
188        <provider
188-->[com.google.firebase:firebase-common:20.4.2] AndroidManifest.xml:23:9-28:39
189            android:name="com.google.firebase.provider.FirebaseInitProvider"
189-->[com.google.firebase:firebase-common:20.4.2] AndroidManifest.xml:24:13-77
190            android:authorities="de.kai_morich.simple_usb_terminal.firebaseinitprovider"
190-->[com.google.firebase:firebase-common:20.4.2] AndroidManifest.xml:25:13-72
191            android:directBootAware="true"
191-->[com.google.firebase:firebase-common:20.4.2] AndroidManifest.xml:26:13-43
192            android:exported="false"
192-->[com.google.firebase:firebase-common:20.4.2] AndroidManifest.xml:27:13-37
193            android:initOrder="100" />
193-->[com.google.firebase:firebase-common:20.4.2] AndroidManifest.xml:28:13-36
194
195        <activity
195-->[com.google.android.gms:play-services-base:18.1.0] AndroidManifest.xml:20:9-22:45
196            android:name="com.google.android.gms.common.api.GoogleApiActivity"
196-->[com.google.android.gms:play-services-base:18.1.0] AndroidManifest.xml:20:19-85
197            android:exported="false"
197-->[com.google.android.gms:play-services-base:18.1.0] AndroidManifest.xml:22:19-43
198            android:theme="@android:style/Theme.Translucent.NoTitleBar" />
198-->[com.google.android.gms:play-services-base:18.1.0] AndroidManifest.xml:21:19-78
199
200        <meta-data
200-->[com.google.android.gms:play-services-basement:18.1.0] AndroidManifest.xml:21:9-23:69
201            android:name="com.google.android.gms.version"
201-->[com.google.android.gms:play-services-basement:18.1.0] AndroidManifest.xml:22:13-58
202            android:value="@integer/google_play_services_version" />
202-->[com.google.android.gms:play-services-basement:18.1.0] AndroidManifest.xml:23:13-66
203
204        <provider
204-->[androidx.emoji2:emoji2:1.0.0] AndroidManifest.xml:26:9-34:20
205            android:name="androidx.startup.InitializationProvider"
205-->[androidx.emoji2:emoji2:1.0.0] AndroidManifest.xml:27:13-67
206            android:authorities="de.kai_morich.simple_usb_terminal.androidx-startup"
206-->[androidx.emoji2:emoji2:1.0.0] AndroidManifest.xml:28:13-68
207            android:exported="false" >
207-->[androidx.emoji2:emoji2:1.0.0] AndroidManifest.xml:29:13-37
208            <meta-data
208-->[androidx.emoji2:emoji2:1.0.0] AndroidManifest.xml:31:13-33:52
209                android:name="androidx.emoji2.text.EmojiCompatInitializer"
209-->[androidx.emoji2:emoji2:1.0.0] AndroidManifest.xml:32:17-75
210                android:value="androidx.startup" />
210-->[androidx.emoji2:emoji2:1.0.0] AndroidManifest.xml:33:17-49
211            <meta-data
211-->[androidx.work:work-runtime:2.7.1] AndroidManifest.xml:36:13-38:52
212                android:name="androidx.work.WorkManagerInitializer"
212-->[androidx.work:work-runtime:2.7.1] AndroidManifest.xml:37:17-68
213                android:value="androidx.startup" />
213-->[androidx.work:work-runtime:2.7.1] AndroidManifest.xml:38:17-49
214            <meta-data
214-->[androidx.lifecycle:lifecycle-process:2.4.0] AndroidManifest.xml:31:13-33:52
215                android:name="androidx.lifecycle.ProcessLifecycleInitializer"
215-->[androidx.lifecycle:lifecycle-process:2.4.0] AndroidManifest.xml:32:17-78
216                android:value="androidx.startup" />
216-->[androidx.lifecycle:lifecycle-process:2.4.0] AndroidManifest.xml:33:17-49
217        </provider>
218
219        <service
219-->[androidx.work:work-runtime:2.7.1] AndroidManifest.xml:41:9-46:35
220            android:name="androidx.work.impl.background.systemalarm.SystemAlarmService"
220-->[androidx.work:work-runtime:2.7.1] AndroidManifest.xml:42:13-88
221            android:directBootAware="false"
221-->[androidx.work:work-runtime:2.7.1] AndroidManifest.xml:43:13-44
222            android:enabled="@bool/enable_system_alarm_service_default"
222-->[androidx.work:work-runtime:2.7.1] AndroidManifest.xml:44:13-72
223            android:exported="false" />
223-->[androidx.work:work-runtime:2.7.1] AndroidManifest.xml:45:13-37
224        <service
224-->[androidx.work:work-runtime:2.7.1] AndroidManifest.xml:47:9-53:35
225            android:name="androidx.work.impl.background.systemjob.SystemJobService"
225-->[androidx.work:work-runtime:2.7.1] AndroidManifest.xml:48:13-84
226            android:directBootAware="false"
226-->[androidx.work:work-runtime:2.7.1] AndroidManifest.xml:49:13-44
227            android:enabled="@bool/enable_system_job_service_default"
227-->[androidx.work:work-runtime:2.7.1] AndroidManifest.xml:50:13-70
228            android:exported="true"
228-->[androidx.work:work-runtime:2.7.1] AndroidManifest.xml:51:13-36
229            android:permission="android.permission.BIND_JOB_SERVICE" />
229-->[androidx.work:work-runtime:2.7.1] AndroidManifest.xml:52:13-69
230        <service
230-->[androidx.work:work-runtime:2.7.1] AndroidManifest.xml:54:9-59:35
231            android:name="androidx.work.impl.foreground.SystemForegroundService"
231-->[androidx.work:work-runtime:2.7.1] AndroidManifest.xml:55:13-81
232            android:directBootAware="false"
232-->[androidx.work:work-runtime:2.7.1] AndroidManifest.xml:56:13-44
233            android:enabled="@bool/enable_system_foreground_service_default"
233-->[androidx.work:work-runtime:2.7.1] AndroidManifest.xml:57:13-77
234            android:exported="false" />
234-->[androidx.work:work-runtime:2.7.1] AndroidManifest.xml:58:13-37
235
236        <receiver
236-->[androidx.work:work-runtime:2.7.1] AndroidManifest.xml:61:9-66:35
237            android:name="androidx.work.impl.utils.ForceStopRunnable$BroadcastReceiver"
237-->[androidx.work:work-runtime:2.7.1] AndroidManifest.xml:62:13-88
238            android:directBootAware="false"
238-->[androidx.work:work-runtime:2.7.1] AndroidManifest.xml:63:13-44
239            android:enabled="true"
239-->[androidx.work:work-runtime:2.7.1] AndroidManifest.xml:64:13-35
240            android:exported="false" />
240-->[androidx.work:work-runtime:2.7.1] AndroidManifest.xml:65:13-37
241        <receiver
241-->[androidx.work:work-runtime:2.7.1] AndroidManifest.xml:67:9-77:20
242            android:name="androidx.work.impl.background.systemalarm.ConstraintProxy$BatteryChargingProxy"
242-->[androidx.work:work-runtime:2.7.1] AndroidManifest.xml:68:13-106
243            android:directBootAware="false"
243-->[androidx.work:work-runtime:2.7.1] AndroidManifest.xml:69:13-44
244            android:enabled="false"
244-->[androidx.work:work-runtime:2.7.1] AndroidManifest.xml:70:13-36
245            android:exported="false" >
245-->[androidx.work:work-runtime:2.7.1] AndroidManifest.xml:71:13-37
246            <intent-filter>
246-->[androidx.work:work-runtime:2.7.1] AndroidManifest.xml:73:13-76:29
247                <action android:name="android.intent.action.ACTION_POWER_CONNECTED" />
247-->[androidx.work:work-runtime:2.7.1] AndroidManifest.xml:74:17-87
247-->[androidx.work:work-runtime:2.7.1] AndroidManifest.xml:74:25-84
248                <action android:name="android.intent.action.ACTION_POWER_DISCONNECTED" />
248-->[androidx.work:work-runtime:2.7.1] AndroidManifest.xml:75:17-90
248-->[androidx.work:work-runtime:2.7.1] AndroidManifest.xml:75:25-87
249            </intent-filter>
250        </receiver>
251        <receiver
251-->[androidx.work:work-runtime:2.7.1] AndroidManifest.xml:78:9-88:20
252            android:name="androidx.work.impl.background.systemalarm.ConstraintProxy$BatteryNotLowProxy"
252-->[androidx.work:work-runtime:2.7.1] AndroidManifest.xml:79:13-104
253            android:directBootAware="false"
253-->[androidx.work:work-runtime:2.7.1] AndroidManifest.xml:80:13-44
254            android:enabled="false"
254-->[androidx.work:work-runtime:2.7.1] AndroidManifest.xml:81:13-36
255            android:exported="false" >
255-->[androidx.work:work-runtime:2.7.1] AndroidManifest.xml:82:13-37
256            <intent-filter>
256-->[androidx.work:work-runtime:2.7.1] AndroidManifest.xml:84:13-87:29
257                <action android:name="android.intent.action.BATTERY_OKAY" />
257-->[androidx.work:work-runtime:2.7.1] AndroidManifest.xml:85:17-77
257-->[androidx.work:work-runtime:2.7.1] AndroidManifest.xml:85:25-74
258                <action android:name="android.intent.action.BATTERY_LOW" />
258-->[androidx.work:work-runtime:2.7.1] AndroidManifest.xml:86:17-76
258-->[androidx.work:work-runtime:2.7.1] AndroidManifest.xml:86:25-73
259            </intent-filter>
260        </receiver>
261        <receiver
261-->[androidx.work:work-runtime:2.7.1] AndroidManifest.xml:89:9-99:20
262            android:name="androidx.work.impl.background.systemalarm.ConstraintProxy$StorageNotLowProxy"
262-->[androidx.work:work-runtime:2.7.1] AndroidManifest.xml:90:13-104
263            android:directBootAware="false"
263-->[androidx.work:work-runtime:2.7.1] AndroidManifest.xml:91:13-44
264            android:enabled="false"
264-->[androidx.work:work-runtime:2.7.1] AndroidManifest.xml:92:13-36
265            android:exported="false" >
265-->[androidx.work:work-runtime:2.7.1] AndroidManifest.xml:93:13-37
266            <intent-filter>
266-->[androidx.work:work-runtime:2.7.1] AndroidManifest.xml:95:13-98:29
267                <action android:name="android.intent.action.DEVICE_STORAGE_LOW" />
267-->[androidx.work:work-runtime:2.7.1] AndroidManifest.xml:96:17-83
267-->[androidx.work:work-runtime:2.7.1] AndroidManifest.xml:96:25-80
268                <action android:name="android.intent.action.DEVICE_STORAGE_OK" />
268-->[androidx.work:work-runtime:2.7.1] AndroidManifest.xml:97:17-82
268-->[androidx.work:work-runtime:2.7.1] AndroidManifest.xml:97:25-79
269            </intent-filter>
270        </receiver>
271        <receiver
271-->[androidx.work:work-runtime:2.7.1] AndroidManifest.xml:100:9-109:20
272            android:name="androidx.work.impl.background.systemalarm.ConstraintProxy$NetworkStateProxy"
272-->[androidx.work:work-runtime:2.7.1] AndroidManifest.xml:101:13-103
273            android:directBootAware="false"
273-->[androidx.work:work-runtime:2.7.1] AndroidManifest.xml:102:13-44
274            android:enabled="false"
274-->[androidx.work:work-runtime:2.7.1] AndroidManifest.xml:103:13-36
275            android:exported="false" >
275-->[androidx.work:work-runtime:2.7.1] AndroidManifest.xml:104:13-37
276            <intent-filter>
276-->[androidx.work:work-runtime:2.7.1] AndroidManifest.xml:106:13-108:29
277                <action android:name="android.net.conn.CONNECTIVITY_CHANGE" />
277-->[androidx.work:work-runtime:2.7.1] AndroidManifest.xml:107:17-79
277-->[androidx.work:work-runtime:2.7.1] AndroidManifest.xml:107:25-76
278            </intent-filter>
279        </receiver>
280        <receiver
280-->[androidx.work:work-runtime:2.7.1] AndroidManifest.xml:110:9-121:20
281            android:name="androidx.work.impl.background.systemalarm.RescheduleReceiver"
281-->[androidx.work:work-runtime:2.7.1] AndroidManifest.xml:111:13-88
282            android:directBootAware="false"
282-->[androidx.work:work-runtime:2.7.1] AndroidManifest.xml:112:13-44